Using pre-set license
Built from '2022.3/release' branch; Version is '2022.3.20f1 (61c2feb0970d) revision 6406910'; Using compiler version '192829333'; Build Type 'Release'
OS: 'Windows 11  (10.0.26100) 64bit Core' Language: 'ko' Physical Memory: 32621 MB
BatchMode: 1, IsHumanControllingUs: 0, StartBugReporterOnCrash: 0, Is64bit: 1, IsPro: 1

COMMAND LINE ARGUMENTS:
C:\Program Files\Unity\Hub\Editor\2022.3.20f1\Editor\Unity.exe
-adb2
-batchMode
-noUpm
-name
AssetImportWorker0
-projectPath
D:/Unity/ProjectAlchemist
-logFile
Logs/AssetImportWorker0.log
-srvPort
56843
Successfully changed project path to: D:/Unity/ProjectAlchemist
D:/Unity/ProjectAlchemist
[UnityMemory] Configuration Parameters - Can be set up in boot.config
    "memorysetup-bucket-allocator-granularity=16"
    "memorysetup-bucket-allocator-bucket-count=8"
    "memorysetup-bucket-allocator-block-size=33554432"
    "memorysetup-bucket-allocator-block-count=8"
    "memorysetup-main-allocator-block-size=16777216"
    "memorysetup-thread-allocator-block-size=16777216"
    "memorysetup-gfx-main-allocator-block-size=16777216"
    "memorysetup-gfx-thread-allocator-block-size=16777216"
    "memorysetup-cache-allocator-block-size=4194304"
    "memorysetup-typetree-allocator-block-size=2097152"
    "memorysetup-profiler-bucket-allocator-granularity=16"
    "memorysetup-profiler-bucket-allocator-bucket-count=8"
    "memorysetup-profiler-bucket-allocator-block-size=33554432"
    "memorysetup-profiler-bucket-allocator-block-count=8"
    "memorysetup-profiler-allocator-block-size=16777216"
    "memorysetup-profiler-editor-allocator-block-size=1048576"
    "memorysetup-temp-allocator-size-main=16777216"
    "memorysetup-job-temp-allocator-block-size=2097152"
    "memorysetup-job-temp-allocator-block-size-background=1048576"
    "memorysetup-job-temp-allocator-reduction-small-platforms=262144"
    "memorysetup-allocator-temp-initial-block-size-main=262144"
    "memorysetup-allocator-temp-initial-block-size-worker=262144"
    "memorysetup-temp-allocator-size-background-worker=32768"
    "memorysetup-temp-allocator-size-job-worker=262144"
    "memorysetup-temp-allocator-size-preload-manager=33554432"
    "memorysetup-temp-allocator-size-nav-mesh-worker=65536"
    "memorysetup-temp-allocator-size-audio-worker=65536"
    "memorysetup-temp-allocator-size-cloud-worker=32768"
    "memorysetup-temp-allocator-size-gi-baking-worker=262144"
    "memorysetup-temp-allocator-size-gfx=262144"
Player connection [30212] Host "[IP] 172.30.1.63 [Port] 0 [Flags] 2 [Guid] 1006203114 [EditorId] 1006203114 [Version] 1048832 [Id] WindowsEditor(7,DESKTOP-9O9OQEE) [Debug] 1 [PackageName] WindowsEditor [ProjectName] Editor" joined multi-casting on [225.0.0.222:54997]...

Player connection [30212] Host "[IP] 172.30.1.63 [Port] 0 [Flags] 2 [Guid] 1006203114 [EditorId] 1006203114 [Version] 1048832 [Id] WindowsEditor(7,DESKTOP-9O9OQEE) [Debug] 1 [PackageName] WindowsEditor [ProjectName] Editor" joined alternative multi-casting on [225.0.0.222:34997]...

[Physics::Module] Initialized MultithreadedJobDispatcher with 11 workers.
Refreshing native plugins compatible for Editor in 7.65 ms, found 3 plugins.
Preloading 0 native plugins for Editor in 0.00 ms.
Initialize engine version: 2022.3.20f1 (61c2feb0970d)
[Subsystems] Discovering subsystems at path C:/Program Files/Unity/Hub/Editor/2022.3.20f1/Editor/Data/Resources/UnitySubsystems
[Subsystems] Discovering subsystems at path D:/Unity/ProjectAlchemist/Assets
GfxDevice: creating device client; threaded=0; jobified=0
Direct3D:
    Version:  Direct3D 11.0 [level 11.1]
    Renderer: NVIDIA GeForce RTX 4060 Ti (ID=0x2803)
    Vendor:   NVIDIA
    VRAM:     7949 MB
    Driver:   32.0.15.7602
Initialize mono
Mono path[0] = 'C:/Program Files/Unity/Hub/Editor/2022.3.20f1/Editor/Data/Managed'
Mono path[1] = 'C:/Program Files/Unity/Hub/Editor/2022.3.20f1/Editor/Data/MonoBleedingEdge/lib/mono/unityjit-win32'
Mono config path = 'C:/Program Files/Unity/Hub/Editor/2022.3.20f1/Editor/Data/MonoBleedingEdge/etc'
Using monoOptions --debugger-agent=transport=dt_socket,embedding=1,server=y,suspend=n,address=127.0.0.1:56164
Begin MonoManager ReloadAssembly
Registering precompiled unity dll's ...
Register platform support module: C:/Program Files/Unity/Hub/Editor/2022.3.20f1/Editor/Data/PlaybackEngines/WindowsStandaloneSupport/UnityEditor.WindowsStandalone.Extensions.dll
Registered in 0.028567 seconds.
- Loaded All Assemblies, in  0.456 seconds
Native extension for WindowsStandalone target not found
Mono: successfully reloaded assembly
- Finished resetting the current domain, in  0.260 seconds
Domain Reload Profiling: 708ms
	BeginReloadAssembly (171ms)
		ExecutionOrderSort (0ms)
		DisableScriptedObjects (0ms)
		BackupInstance (0ms)
		ReleaseScriptingObjects (0ms)
		CreateAndSetChildDomain (1ms)
	RebuildCommonClasses (33ms)
	RebuildNativeTypeToScriptingClass (8ms)
	initialDomainReloadingComplete (98ms)
	LoadAllAssembliesAndSetupDomain (138ms)
		LoadAssemblies (165ms)
		RebuildTransferFunctionScriptingTraits (0ms)
		AnalyzeDomain (135ms)
			TypeCache.Refresh (134ms)
				TypeCache.ScanAssembly (119ms)
			ScanForSourceGeneratedMonoScriptInfo (0ms)
			ResolveRequiredComponents (0ms)
	FinalizeReload (260ms)
		ReleaseScriptCaches (0ms)
		RebuildScriptCaches (0ms)
		SetupLoadedEditorAssemblies (207ms)
			LogAssemblyErrors (0ms)
			InitializePlatformSupportModulesInManaged (17ms)
			SetLoadedEditorAssemblies (7ms)
			RefreshPlugins (0ms)
			BeforeProcessingInitializeOnLoad (2ms)
			ProcessInitializeOnLoadAttributes (135ms)
			ProcessInitializeOnLoadMethodAttributes (45ms)
			AfterProcessingInitializeOnLoad (0ms)
			EditorAssembliesLoaded (0ms)
		ExecutionOrderSort2 (0ms)
		AwakeInstancesAfterBackupRestoration (0ms)
========================================================================
Worker process is ready to serve import requests
Begin MonoManager ReloadAssembly
- Loaded All Assemblies, in  0.713 seconds
Refreshing native plugins compatible for Editor in 3.02 ms, found 3 plugins.
Native extension for WindowsStandalone target not found
Mono: successfully reloaded assembly
- Finished resetting the current domain, in  0.798 seconds
Domain Reload Profiling: 1504ms
	BeginReloadAssembly (174ms)
		ExecutionOrderSort (0ms)
		DisableScriptedObjects (4ms)
		BackupInstance (0ms)
		ReleaseScriptingObjects (0ms)
		CreateAndSetChildDomain (15ms)
	RebuildCommonClasses (34ms)
	RebuildNativeTypeToScriptingClass (9ms)
	initialDomainReloadingComplete (53ms)
	LoadAllAssembliesAndSetupDomain (436ms)
		LoadAssemblies (367ms)
		RebuildTransferFunctionScriptingTraits (0ms)
		AnalyzeDomain (187ms)
			TypeCache.Refresh (156ms)
				TypeCache.ScanAssembly (141ms)
			ScanForSourceGeneratedMonoScriptInfo (20ms)
			ResolveRequiredComponents (9ms)
	FinalizeReload (798ms)
		ReleaseScriptCaches (0ms)
		RebuildScriptCaches (0ms)
		SetupLoadedEditorAssemblies (632ms)
			LogAssemblyErrors (0ms)
			InitializePlatformSupportModulesInManaged (14ms)
			SetLoadedEditorAssemblies (4ms)
			RefreshPlugins (0ms)
			BeforeProcessingInitializeOnLoad (80ms)
			ProcessInitializeOnLoadAttributes (447ms)
			ProcessInitializeOnLoadMethodAttributes (67ms)
			AfterProcessingInitializeOnLoad (20ms)
			EditorAssembliesLoaded (0ms)
		ExecutionOrderSort2 (0ms)
		AwakeInstancesAfterBackupRestoration (11ms)
Launched and connected shader compiler UnityShaderCompiler.exe after 0.04 seconds
Refreshing native plugins compatible for Editor in 5.64 ms, found 3 plugins.
Preloading 0 native plugins for Editor in 0.00 ms.
Unloading 5194 Unused Serialized files (Serialized files now loaded: 0)
Unloading 113 unused Assets / (2.6 MB). Loaded Objects now: 5644.
Memory consumption went from 244.8 MB to 242.2 MB.
Total: 5.614100 ms (FindLiveObjects: 0.462300 ms CreateObjectMapping: 0.290600 ms MarkObjects: 4.075800 ms  DeleteObjects: 0.783700 ms)

AssetImportParameters requested are different than current active one (requested -> active):
  custom:container-demuxer-ogg: 62fdf1f143b41e24485cea50d1cbac27 -> 
  custom:video-codec-MediaFoundation-h265: 746d11721c4dcdbdad8f713fa42b33f4 -> 
  custom:video-decoder-ogg-theora: a1e56fd34408186e4bbccfd4996cb3dc -> 
  custom:framework-win-MediaFoundation: 216162199b28c13a410421893ffa2e32 -> 
  custom:CustomObjectIndexerAttribute: 0f5f72dab822025b0759b197a3119d15 -> 
  custom:container-demuxer-webm: 4f35f7cbe854078d1ac9338744f61a02 -> 
  custom:container-muxer-webm: aa71ff27fc2769a1b78a27578f13a17b -> 
  custom:video-decoder-webm-vp8: 9c59270c3fd7afecdb556c50c9e8de78 -> 
  custom:SearchIndexIgnoredProperties: e643bd26f0fe6173181afceb89e7c659 -> 
  custom:AudioImporter_EditorPlatform: d09bf68614088b80899f8185d706f6e7 -> 
  custom:video-encoder-webm-vp8: eb34c28f22e8b96e1ab97ce403110664 -> 
  custom:audio-decoder-ogg-vorbis: bf7c407c2cedff20999df2af8eb42d56 -> 
  custom:audio-encoder-webm-vorbis: bf7c407c2cedff20999df2af8eb42d56 -> 
========================================================================
Received Import Request.
  Time since last request: 6491.257629 seconds.
  path: Assets/Scenes/KakaoTalk_20250516_095727815.png
  artifactKey: Guid(a23191071a397f041bf9011d7f86dc90) Importer(815301076,1909f56bfc062723c751e8b465ee728b)
Start importing Assets/Scenes/KakaoTalk_20250516_095727815.png using Guid(a23191071a397f041bf9011d7f86dc90) Importer(815301076,1909f56bfc062723c751e8b465ee728b)  -> (artifact id: 'e1446c4296e3fe26607138d09da464fa') in 0.163157 seconds
Number of updated asset objects reloaded before import = 0
Number of asset objects unloaded after import = 3
========================================================================
Received Import Request.
  Time since last request: 87.033727 seconds.
  path: Assets/MH/MH_Floor.png
  artifactKey: Guid(19154dda31135c34e9d0288c070701fd) Importer(815301076,1909f56bfc062723c751e8b465ee728b)
Start importing Assets/MH/MH_Floor.png using Guid(19154dda31135c34e9d0288c070701fd) Importer(815301076,1909f56bfc062723c751e8b465ee728b)  -> (artifact id: '00f6ab20dc3c1e339807484ba706a1d6') in 0.988388 seconds
Number of updated asset objects reloaded before import = 0
Number of asset objects unloaded after import = 3
========================================================================
Received Import Request.
  Time since last request: 0.000016 seconds.
  path: Assets/MH/MH_Frame.png
  artifactKey: Guid(04f4a715d4c1e1c4e8b23e554dd27a77) Importer(815301076,1909f56bfc062723c751e8b465ee728b)
Start importing Assets/MH/MH_Frame.png using Guid(04f4a715d4c1e1c4e8b23e554dd27a77) Importer(815301076,1909f56bfc062723c751e8b465ee728b)  -> (artifact id: 'aad60b13ec82b5e81c16e9d3a2dd8e2a') in 0.033230 seconds
Number of updated asset objects reloaded before import = 0
Number of asset objects unloaded after import = 3
========================================================================
Received Import Request.
  Time since last request: 0.000021 seconds.
  path: Assets/MH/MH_Floor 1.png
  artifactKey: Guid(085635a1ac9b2994f83575dcc278eb85) Importer(815301076,1909f56bfc062723c751e8b465ee728b)
Start importing Assets/MH/MH_Floor 1.png using Guid(085635a1ac9b2994f83575dcc278eb85) Importer(815301076,1909f56bfc062723c751e8b465ee728b)  -> (artifact id: '1cc59b9aea57202f2b5f70d3287c2471') in 0.039170 seconds
Number of updated asset objects reloaded before import = 0
Number of asset objects unloaded after import = 3
========================================================================
Received Import Request.
  Time since last request: 0.000013 seconds.
  path: Assets/MH/MH_Wall.png
  artifactKey: Guid(ed9983d326682c04384cd5b23eaa6e07) Importer(815301076,1909f56bfc062723c751e8b465ee728b)
Start importing Assets/MH/MH_Wall.png using Guid(ed9983d326682c04384cd5b23eaa6e07) Importer(815301076,1909f56bfc062723c751e8b465ee728b)  -> (artifact id: '778d2f85f749fd2287b51c0172c168a9') in 0.024280 seconds
Number of updated asset objects reloaded before import = 0
Number of asset objects unloaded after import = 3
========================================================================
Received Import Request.
  Time since last request: 9.542321 seconds.
  path: Assets/Scripts/DB/Data/Quest/Q_TM_1.asset
  artifactKey: Guid(74fae053fcd2f4043b9be375ee24d255) Importer(815301076,1909f56bfc062723c751e8b465ee728b)
Start importing Assets/Scripts/DB/Data/Quest/Q_TM_1.asset using Guid(74fae053fcd2f4043b9be375ee24d255) Importer(815301076,1909f56bfc062723c751e8b465ee728b)  -> (artifact id: '05268917a4c4e446f83242adad2b30c8') in 0.001952 seconds
Number of updated asset objects reloaded before import = 0
Number of asset objects unloaded after import = 1
========================================================================
Received Import Request.
  Time since last request: 0.000139 seconds.
  path: Assets/Scripts/DB/Data/Quest/QuestDB.asset
  artifactKey: Guid(63818e410a6ae3348bd9c0f911db03d8) Importer(815301076,1909f56bfc062723c751e8b465ee728b)
Start importing Assets/Scripts/DB/Data/Quest/QuestDB.asset using Guid(63818e410a6ae3348bd9c0f911db03d8) Importer(815301076,1909f56bfc062723c751e8b465ee728b)  -> (artifact id: '7d525f1d4a69e8bb4d84482b2dcd6ce6') in 0.007899 seconds
Number of updated asset objects reloaded before import = 0
Number of asset objects unloaded after import = 34
========================================================================
Received Import Request.
  Time since last request: 24.444022 seconds.
  path: Assets/Fantacode Studios/NewDialogue/Editor/Windows/Q_Tu/Q_TS_3/Q_TS_3_Step1.asset
  artifactKey: Guid(4f761753012195548b1c1c7bacbc2ed7) Importer(815301076,1909f56bfc062723c751e8b465ee728b)
Start importing Assets/Fantacode Studios/NewDialogue/Editor/Windows/Q_Tu/Q_TS_3/Q_TS_3_Step1.asset using Guid(4f761753012195548b1c1c7bacbc2ed7) Importer(815301076,1909f56bfc062723c751e8b465ee728b)  -> (artifact id: '074806b67ac2b2e94c8bd1ada9cba205') in 0.006492 seconds
Number of updated asset objects reloaded before import = 0
Number of asset objects unloaded after import = 4
========================================================================
Received Import Request.
  Time since last request: 0.000013 seconds.
  path: Assets/Fantacode Studios/NewDialogue/Editor/Windows/Q_Tu/Q_TS_3/Q_TS_3_Step3.asset
  artifactKey: Guid(1f24ea60523d9a94f80c735f6ef5fd94) Importer(815301076,1909f56bfc062723c751e8b465ee728b)
Start importing Assets/Fantacode Studios/NewDialogue/Editor/Windows/Q_Tu/Q_TS_3/Q_TS_3_Step3.asset using Guid(1f24ea60523d9a94f80c735f6ef5fd94) Importer(815301076,1909f56bfc062723c751e8b465ee728b)  -> (artifact id: 'f7f4e1f687ab9b2cf4369e86eacf9717') in 0.003353 seconds
Number of updated asset objects reloaded before import = 0
Number of asset objects unloaded after import = 11
========================================================================
Received Import Request.
  Time since last request: 4.622122 seconds.
  path: Assets/Fantacode Studios/NewDialogue/Editor/Windows/Q_Tu/Q_TM_Step2.asset
  artifactKey: Guid(b5c68e9f49fccba41ac267b7d39e38b8) Importer(815301076,1909f56bfc062723c751e8b465ee728b)
Start importing Assets/Fantacode Studios/NewDialogue/Editor/Windows/Q_Tu/Q_TM_Step2.asset using Guid(b5c68e9f49fccba41ac267b7d39e38b8) Importer(815301076,1909f56bfc062723c751e8b465ee728b)  -> (artifact id: 'b407c23365289346dde358e2b50b1f42') in 0.004065 seconds
Number of updated asset objects reloaded before import = 0
Number of asset objects unloaded after import = 18
Editor requested this worker to shutdown with reason: Scaling down because of idle timeout
TcpMessagingSession - receive error: operation aborted. errorcode: 995, details: 스레드 종료 또는 응용 프로그램 요청 때문에 I/O 작업이 취소되었습니다.
AssetImportWorker is now disconnected from the server
Process exiting
Exiting without the bug reporter. Application will terminate with return code 0