Using pre-set license
Built from '2022.3/release' branch; Version is '2022.3.20f1 (61c2feb0970d) revision 6406910'; Using compiler version '192829333'; Build Type 'Release'
OS: 'Windows 11  (10.0.26100) 64bit Core' Language: 'ko' Physical Memory: 32621 MB
BatchMode: 1, IsHumanControllingUs: 0, StartBugReporterOnCrash: 0, Is64bit: 1, IsPro: 1

COMMAND LINE ARGUMENTS:
C:\Program Files\Unity\Hub\Editor\2022.3.20f1\Editor\Unity.exe
-adb2
-batchMode
-noUpm
-name
AssetImportWorker7
-projectPath
D:/Unity/PotionMaker_Iren
-logFile
Logs/AssetImportWorker7.log
-srvPort
52154
Successfully changed project path to: D:/Unity/PotionMaker_Iren
D:/Unity/PotionMaker_Iren
[UnityMemory] Configuration Parameters - Can be set up in boot.config
    "memorysetup-bucket-allocator-granularity=16"
    "memorysetup-bucket-allocator-bucket-count=8"
    "memorysetup-bucket-allocator-block-size=33554432"
    "memorysetup-bucket-allocator-block-count=8"
    "memorysetup-main-allocator-block-size=16777216"
    "memorysetup-thread-allocator-block-size=16777216"
    "memorysetup-gfx-main-allocator-block-size=16777216"
    "memorysetup-gfx-thread-allocator-block-size=16777216"
    "memorysetup-cache-allocator-block-size=4194304"
    "memorysetup-typetree-allocator-block-size=2097152"
    "memorysetup-profiler-bucket-allocator-granularity=16"
    "memorysetup-profiler-bucket-allocator-bucket-count=8"
    "memorysetup-profiler-bucket-allocator-block-size=33554432"
    "memorysetup-profiler-bucket-allocator-block-count=8"
    "memorysetup-profiler-allocator-block-size=16777216"
    "memorysetup-profiler-editor-allocator-block-size=1048576"
    "memorysetup-temp-allocator-size-main=16777216"
    "memorysetup-job-temp-allocator-block-size=2097152"
    "memorysetup-job-temp-allocator-block-size-background=1048576"
    "memorysetup-job-temp-allocator-reduction-small-platforms=262144"
    "memorysetup-allocator-temp-initial-block-size-main=262144"
    "memorysetup-allocator-temp-initial-block-size-worker=262144"
    "memorysetup-temp-allocator-size-background-worker=32768"
    "memorysetup-temp-allocator-size-job-worker=262144"
    "memorysetup-temp-allocator-size-preload-manager=33554432"
    "memorysetup-temp-allocator-size-nav-mesh-worker=65536"
    "memorysetup-temp-allocator-size-audio-worker=65536"
    "memorysetup-temp-allocator-size-cloud-worker=32768"
    "memorysetup-temp-allocator-size-gi-baking-worker=262144"
    "memorysetup-temp-allocator-size-gfx=262144"
Player connection [2028] Host "[IP] 172.30.1.63 [Port] 0 [Flags] 2 [Guid] 655979745 [EditorId] 655979745 [Version] 1048832 [Id] WindowsEditor(7,DESKTOP-9O9OQEE) [Debug] 1 [PackageName] WindowsEditor [ProjectName] Editor" joined multi-casting on [225.0.0.222:54997]...

Player connection [2028] Host "[IP] 172.30.1.63 [Port] 0 [Flags] 2 [Guid] 655979745 [EditorId] 655979745 [Version] 1048832 [Id] WindowsEditor(7,DESKTOP-9O9OQEE) [Debug] 1 [PackageName] WindowsEditor [ProjectName] Editor" joined alternative multi-casting on [225.0.0.222:34997]...

[Physics::Module] Initialized MultithreadedJobDispatcher with 11 workers.
Refreshing native plugins compatible for Editor in 6.20 ms, found 3 plugins.
Preloading 0 native plugins for Editor in 0.00 ms.
Initialize engine version: 2022.3.20f1 (61c2feb0970d)
[Subsystems] Discovering subsystems at path C:/Program Files/Unity/Hub/Editor/2022.3.20f1/Editor/Data/Resources/UnitySubsystems
[Subsystems] Discovering subsystems at path D:/Unity/PotionMaker_Iren/Assets
GfxDevice: creating device client; threaded=0; jobified=0
Direct3D:
    Version:  Direct3D 11.0 [level 11.1]
    Renderer: NVIDIA GeForce RTX 4060 Ti (ID=0x2803)
    Vendor:   NVIDIA
    VRAM:     7949 MB
    Driver:   32.0.15.7602
Initialize mono
Mono path[0] = 'C:/Program Files/Unity/Hub/Editor/2022.3.20f1/Editor/Data/Managed'
Mono path[1] = 'C:/Program Files/Unity/Hub/Editor/2022.3.20f1/Editor/Data/MonoBleedingEdge/lib/mono/unityjit-win32'
Mono config path = 'C:/Program Files/Unity/Hub/Editor/2022.3.20f1/Editor/Data/MonoBleedingEdge/etc'
Using monoOptions --debugger-agent=transport=dt_socket,embedding=1,server=y,suspend=n,address=127.0.0.1:56464
Begin MonoManager ReloadAssembly
Registering precompiled unity dll's ...
Register platform support module: C:/Program Files/Unity/Hub/Editor/2022.3.20f1/Editor/Data/PlaybackEngines/WindowsStandaloneSupport/UnityEditor.WindowsStandalone.Extensions.dll
Registered in 0.021922 seconds.
- Loaded All Assemblies, in  0.334 seconds
Native extension for WindowsStandalone target not found
Mono: successfully reloaded assembly
- Finished resetting the current domain, in  0.201 seconds
Domain Reload Profiling: 530ms
	BeginReloadAssembly (117ms)
		ExecutionOrderSort (0ms)
		DisableScriptedObjects (0ms)
		BackupInstance (0ms)
		ReleaseScriptingObjects (0ms)
		CreateAndSetChildDomain (1ms)
	RebuildCommonClasses (28ms)
	RebuildNativeTypeToScriptingClass (7ms)
	initialDomainReloadingComplete (75ms)
	LoadAllAssembliesAndSetupDomain (103ms)
		LoadAssemblies (112ms)
		RebuildTransferFunctionScriptingTraits (0ms)
		AnalyzeDomain (101ms)
			TypeCache.Refresh (99ms)
				TypeCache.ScanAssembly (89ms)
			ScanForSourceGeneratedMonoScriptInfo (0ms)
			ResolveRequiredComponents (0ms)
	FinalizeReload (201ms)
		ReleaseScriptCaches (0ms)
		RebuildScriptCaches (0ms)
		SetupLoadedEditorAssemblies (156ms)
			LogAssemblyErrors (0ms)
			InitializePlatformSupportModulesInManaged (13ms)
			SetLoadedEditorAssemblies (5ms)
			RefreshPlugins (0ms)
			BeforeProcessingInitializeOnLoad (1ms)
			ProcessInitializeOnLoadAttributes (101ms)
			ProcessInitializeOnLoadMethodAttributes (36ms)
			AfterProcessingInitializeOnLoad (0ms)
			EditorAssembliesLoaded (0ms)
		ExecutionOrderSort2 (0ms)
		AwakeInstancesAfterBackupRestoration (0ms)
========================================================================
Worker process is ready to serve import requests
Begin MonoManager ReloadAssembly
- Loaded All Assemblies, in  0.558 seconds
Refreshing native plugins compatible for Editor in 2.56 ms, found 3 plugins.
Native extension for WindowsStandalone target not found
Mono: successfully reloaded assembly
- Finished resetting the current domain, in  0.635 seconds
Domain Reload Profiling: 1188ms
	BeginReloadAssembly (135ms)
		ExecutionOrderSort (0ms)
		DisableScriptedObjects (4ms)
		BackupInstance (0ms)
		ReleaseScriptingObjects (0ms)
		CreateAndSetChildDomain (15ms)
	RebuildCommonClasses (26ms)
	RebuildNativeTypeToScriptingClass (7ms)
	initialDomainReloadingComplete (42ms)
	LoadAllAssembliesAndSetupDomain (343ms)
		LoadAssemblies (287ms)
		RebuildTransferFunctionScriptingTraits (0ms)
		AnalyzeDomain (145ms)
			TypeCache.Refresh (117ms)
				TypeCache.ScanAssembly (105ms)
			ScanForSourceGeneratedMonoScriptInfo (17ms)
			ResolveRequiredComponents (9ms)
	FinalizeReload (635ms)
		ReleaseScriptCaches (0ms)
		RebuildScriptCaches (0ms)
		SetupLoadedEditorAssemblies (504ms)
			LogAssemblyErrors (0ms)
			InitializePlatformSupportModulesInManaged (10ms)
			SetLoadedEditorAssemblies (3ms)
			RefreshPlugins (0ms)
			BeforeProcessingInitializeOnLoad (66ms)
			ProcessInitializeOnLoadAttributes (351ms)
			ProcessInitializeOnLoadMethodAttributes (56ms)
			AfterProcessingInitializeOnLoad (18ms)
			EditorAssembliesLoaded (0ms)
		ExecutionOrderSort2 (0ms)
		AwakeInstancesAfterBackupRestoration (7ms)
Launched and connected shader compiler UnityShaderCompiler.exe after 0.03 seconds
Refreshing native plugins compatible for Editor in 3.02 ms, found 3 plugins.
Preloading 0 native plugins for Editor in 0.00 ms.
Unloading 5185 Unused Serialized files (Serialized files now loaded: 0)
Unloading 113 unused Assets / (2.6 MB). Loaded Objects now: 5636.
Memory consumption went from 244.8 MB to 242.3 MB.
Total: 4.634900 ms (FindLiveObjects: 0.331500 ms CreateObjectMapping: 0.234700 ms MarkObjects: 3.563000 ms  DeleteObjects: 0.504900 ms)

AssetImportParameters requested are different than current active one (requested -> active):
  custom:container-demuxer-ogg: 62fdf1f143b41e24485cea50d1cbac27 -> 
  custom:video-codec-MediaFoundation-h265: 746d11721c4dcdbdad8f713fa42b33f4 -> 
  custom:video-decoder-ogg-theora: a1e56fd34408186e4bbccfd4996cb3dc -> 
  custom:framework-win-MediaFoundation: 216162199b28c13a410421893ffa2e32 -> 
  custom:CustomObjectIndexerAttribute: 0f5f72dab822025b0759b197a3119d15 -> 
  custom:container-demuxer-webm: 4f35f7cbe854078d1ac9338744f61a02 -> 
  custom:container-muxer-webm: aa71ff27fc2769a1b78a27578f13a17b -> 
  custom:video-decoder-webm-vp8: 9c59270c3fd7afecdb556c50c9e8de78 -> 
  custom:SearchIndexIgnoredProperties: e643bd26f0fe6173181afceb89e7c659 -> 
  custom:AudioImporter_EditorPlatform: d09bf68614088b80899f8185d706f6e7 -> 
  custom:video-encoder-webm-vp8: eb34c28f22e8b96e1ab97ce403110664 -> 
  custom:audio-decoder-ogg-vorbis: bf7c407c2cedff20999df2af8eb42d56 -> 
  custom:audio-encoder-webm-vorbis: bf7c407c2cedff20999df2af8eb42d56 -> 
========================================================================
Received Import Request.
  Time since last request: 73828.295596 seconds.
  path: Assets/Sprites/Potion/PotionL2/Ilustration/P_I_L2_1.png
  artifactKey: Guid(356144d63d365a74eac290794522333b) Importer(815301076,1909f56bfc062723c751e8b465ee728b)
Start importing Assets/Sprites/Potion/PotionL2/Ilustration/P_I_L2_1.png using Guid(356144d63d365a74eac290794522333b) Importer(815301076,1909f56bfc062723c751e8b465ee728b)  -> (artifact id: '87ab53880752df527add3d5d6c8a573d') in 0.101133 seconds
Number of updated asset objects reloaded before import = 0
Number of asset objects unloaded after import = 3
========================================================================
Received Import Request.
  Time since last request: 0.000020 seconds.
  path: Assets/Sprites/Potion/PotionL2/Ilustration/P_I_L2_7.png
  artifactKey: Guid(91ebd0fa7a921f24a8e6089e52710fa0) Importer(815301076,1909f56bfc062723c751e8b465ee728b)
Start importing Assets/Sprites/Potion/PotionL2/Ilustration/P_I_L2_7.png using Guid(91ebd0fa7a921f24a8e6089e52710fa0) Importer(815301076,1909f56bfc062723c751e8b465ee728b)  -> (artifact id: '1af03b020774d4798c7cd6ee94ff75ac') in 0.033382 seconds
Number of updated asset objects reloaded before import = 0
Number of asset objects unloaded after import = 3
========================================================================
Received Import Request.
  Time since last request: 0.000021 seconds.
  path: Assets/Sprites/Potion/PotionL2/Ilustration/P_I_L2_6.png
  artifactKey: Guid(a782ccbd46af5634aa4e2cacabcb38d9) Importer(815301076,1909f56bfc062723c751e8b465ee728b)
Start importing Assets/Sprites/Potion/PotionL2/Ilustration/P_I_L2_6.png using Guid(a782ccbd46af5634aa4e2cacabcb38d9) Importer(815301076,1909f56bfc062723c751e8b465ee728b)  -> (artifact id: 'd6ccf4a345e0b7f6a97a6a764dfc2b28') in 0.030971 seconds
Number of updated asset objects reloaded before import = 0
Number of asset objects unloaded after import = 3
========================================================================
Received Import Request.
  Time since last request: 0.000013 seconds.
  path: Assets/Sprites/Potion/PotionL2/Ilustration/P_I_L2_8.png
  artifactKey: Guid(2f1c10f19eeabcf4791e89ef5822e3ba) Importer(815301076,1909f56bfc062723c751e8b465ee728b)
Start importing Assets/Sprites/Potion/PotionL2/Ilustration/P_I_L2_8.png using Guid(2f1c10f19eeabcf4791e89ef5822e3ba) Importer(815301076,1909f56bfc062723c751e8b465ee728b)  -> (artifact id: 'ec57691a546bf74d62042d55daa95a95') in 0.029035 seconds
Number of updated asset objects reloaded before import = 0
Number of asset objects unloaded after import = 3
========================================================================
Received Import Request.
  Time since last request: 302.710345 seconds.
  path: Assets/리소스/도감/BookBlock_P_2.png
  artifactKey: Guid(b28009cca3f2eca46a971658939ce47a) Importer(815301076,1909f56bfc062723c751e8b465ee728b)
Start importing Assets/리소스/도감/BookBlock_P_2.png using Guid(b28009cca3f2eca46a971658939ce47a) Importer(815301076,1909f56bfc062723c751e8b465ee728b)  -> (artifact id: 'f71e9f43ababc5e35bcd0bc3e8f30b54') in 0.037256 seconds
Number of updated asset objects reloaded before import = 0
Number of asset objects unloaded after import = 3
========================================================================
Received Import Request.
  Time since last request: 162.318742 seconds.
  path: Assets/Sprites/인게임/mission/산성열매(AcidFruit)/R_M0_0_Acidic Berry 02.png
  artifactKey: Guid(7f44665ed79a49a4cbf2d371836132f3) Importer(815301076,1909f56bfc062723c751e8b465ee728b)
Start importing Assets/Sprites/인게임/mission/산성열매(AcidFruit)/R_M0_0_Acidic Berry 02.png using Guid(7f44665ed79a49a4cbf2d371836132f3) Importer(815301076,1909f56bfc062723c751e8b465ee728b)  -> (artifact id: '4a052b65bf121b8c5079284907772e62') in 0.037502 seconds
Number of updated asset objects reloaded before import = 0
Number of asset objects unloaded after import = 3
========================================================================
Received Import Request.
  Time since last request: 751.031615 seconds.
  path: Assets/Data/CraftData/Potion/Novice/P_L1_1.asset
  artifactKey: Guid(83d96fd7880aafd4e97b4bd310b5947d) Importer(815301076,1909f56bfc062723c751e8b465ee728b)
Start importing Assets/Data/CraftData/Potion/Novice/P_L1_1.asset using Guid(83d96fd7880aafd4e97b4bd310b5947d) Importer(815301076,1909f56bfc062723c751e8b465ee728b)  -> (artifact id: '894c5a92b34f81ede2de286276c1bd28') in 0.003229 seconds
Number of updated asset objects reloaded before import = 0
Number of asset objects unloaded after import = 8
========================================================================
Received Import Request.
  Time since last request: 0.059644 seconds.
  path: Assets/Data/CraftData/Potion/Novice/P_L1_3.asset
  artifactKey: Guid(5cf0580507a58a7419b260a064b0bfdf) Importer(815301076,1909f56bfc062723c751e8b465ee728b)
Start importing Assets/Data/CraftData/Potion/Novice/P_L1_3.asset using Guid(5cf0580507a58a7419b260a064b0bfdf) Importer(815301076,1909f56bfc062723c751e8b465ee728b)  -> (artifact id: '2adfe8d677bddbf63856ff6d442bd9ad') in 0.002861 seconds
Number of updated asset objects reloaded before import = 0
Number of asset objects unloaded after import = 8
========================================================================
Received Import Request.
  Time since last request: 0.000013 seconds.
  path: Assets/Data/CraftData/Potion/Novice/P_L1_5.asset
  artifactKey: Guid(b017cfee265bcc84392d141f1bdbd0dd) Importer(815301076,1909f56bfc062723c751e8b465ee728b)
Start importing Assets/Data/CraftData/Potion/Novice/P_L1_5.asset using Guid(b017cfee265bcc84392d141f1bdbd0dd) Importer(815301076,1909f56bfc062723c751e8b465ee728b)  -> (artifact id: 'cc1d4d355442cc9b741ef64754f6d016') in 0.003328 seconds
Number of updated asset objects reloaded before import = 0
Number of asset objects unloaded after import = 8
========================================================================
Received Import Request.
  Time since last request: 0.000014 seconds.
  path: Assets/Data/CraftData/Potion/Novice/P_L1_2.asset
  artifactKey: Guid(470a76176434a2543b379d733d4f5228) Importer(815301076,1909f56bfc062723c751e8b465ee728b)
Start importing Assets/Data/CraftData/Potion/Novice/P_L1_2.asset using Guid(470a76176434a2543b379d733d4f5228) Importer(815301076,1909f56bfc062723c751e8b465ee728b)  -> (artifact id: 'c59c5e4c893cc2ae0abd54fc5e2bdefe') in 0.002773 seconds
Number of updated asset objects reloaded before import = 0
Number of asset objects unloaded after import = 6
========================================================================
Received Import Request.
  Time since last request: 457.917280 seconds.
  path: Assets/Data/CraftData/Potion/Master/P_L2_6.asset
  artifactKey: Guid(b87c4df38c32feb469b838be8421271a) Importer(815301076,1909f56bfc062723c751e8b465ee728b)
Start importing Assets/Data/CraftData/Potion/Master/P_L2_6.asset using Guid(b87c4df38c32feb469b838be8421271a) Importer(815301076,1909f56bfc062723c751e8b465ee728b)  -> (artifact id: '48895ea68db6950e3a0da998fbfeaa05') in 0.005763 seconds
Number of updated asset objects reloaded before import = 0
Number of asset objects unloaded after import = 8
